<?xml version="1.0" encoding="UTF-8"?>
<testng-results ignored="0" total="1" passed="1" failed="0" skipped="0">
  <reporter-output>
  </reporter-output>
  <suite started-at="2023-01-30T06:06:25Z" name="Default suite" finished-at="2023-01-30T06:06:46Z" duration-ms="20449">
    <groups>
    </groups>
    <test started-at="2023-01-30T06:06:25Z" name="Default test" finished-at="2023-01-30T06:06:46Z" duration-ms="20449">
      <class name="Test.loginbutton">
        <test-method is-config="true" signature="main()[pri:0, instance:Test.loginbutton@6be968ce]" started-at="2023-01-30T06:06:21Z" name="main" finished-at="2023-01-30T06:06:25Z" duration-ms="4365" status="PASS">
          <reporter-output>
          </reporter-output>
        </test-method> <!-- main -->
        <test-method signature="LoginButton()[pri:0, instance:Test.loginbutton@6be968ce]" started-at="2023-01-30T06:06:25Z" name="LoginButton" finished-at="2023-01-30T06:06:46Z" duration-ms="20418" status="PASS">
          <reporter-output>
          </reporter-output>
        </test-method> <!-- LoginButton -->
        <test-method is-config="true" signature="close()[pri:0, instance:Test.loginbutton@6be968ce]" started-at="2023-01-30T06:06:46Z" name="close" finished-at="2023-01-30T06:06:46Z" duration-ms="416" status="PASS">
          <reporter-output>
          </reporter-output>
        </test-method> <!-- close -->
      </class> <!-- Test.loginbutton -->
    </test> <!-- Default test -->
  </suite> <!-- Default suite -->
</testng-results>
